proguard/seeds.txt
com.shixunaoyou.wifiscanner.BaseCustomActivity: BaseCustomActivity()
com.shixunaoyou.wifiscanner.BaseScannerActivity: BaseScannerActivity()
com.shixunaoyou.wifiscanner.LoadingActivity
com.shixunaoyou.wifiscanner.LoadingActivity: LoadingActivity()
com.shixunaoyou.wifiscanner.WifiScannerMainTabActivity
com.shixunaoyou.wifiscanner.WifiScannerMainTabActivity: WifiScannerMainTabActivity()
com.shixunaoyou.wifiscanner.WifiSwitchLinearLayout
com.shixunaoyou.wifiscanner.WifiSwitchLinearLayout: WifiSwitchLinearLayout(android.content.Context,android.util.AttributeSet)
com.shixunaoyou.wifiscanner.more.AboutProductActivity
com.shixunaoyou.wifiscanner.more.AboutProductActivity: AboutProductActivity()
com.shixunaoyou.wifiscanner.more.AboutUSActivity
com.shixunaoyou.wifiscanner.more.AboutUSActivity: AboutUSActivity()
com.shixunaoyou.wifiscanner.more.FeedbackActivity
com.shixunaoyou.wifiscanner.more.FeedbackActivity: FeedbackActivity()
com.shixunaoyou.wifiscanner.more.MoreActivity
com.shixunaoyou.wifiscanner.more.MoreActivity: MoreActivity()
com.shixunaoyou.wifiscanner.more.ProductCenterActivity
com.shixunaoyou.wifiscanner.more.ProductCenterActivity: ProductCenterActivity()
com.shixunaoyou.wifiscanner.more.ProductInfoWebViewActivity
com.shixunaoyou.wifiscanner.more.ProductInfoWebViewActivity: ProductInfoWebViewActivity()
com.shixunaoyou.wifiscanner.more.QuestionWebViewActivity
com.shixunaoyou.wifiscanner.more.QuestionWebViewActivity: QuestionWebViewActivity()
com.shixunaoyou.wifiscanner.more.SettingActivity
com.shixunaoyou.wifiscanner.more.SettingActivity: SettingActivity()
com.shixunaoyou.wifiscanner.more.SettingsWebViewActivity: SettingsWebViewActivity()
com.shixunaoyou.wifiscanner.more.UserProtocolActivity
com.shixunaoyou.wifiscanner.more.UserProtocolActivity: UserProtocolActivity()
com.shixunaoyou.wifiscanner.personcentre.PersonCentreActivity
com.shixunaoyou.wifiscanner.personcentre.PersonCentreActivity: PersonCentreActivity()
com.shixunaoyou.wifiscanner.personcentre.RegisterActivity
com.shixunaoyou.wifiscanner.personcentre.RegisterActivity: RegisterActivity()
com.shixunaoyou.wifiscanner.update.DownloadUpdateService
com.shixunaoyou.wifiscanner.update.DownloadUpdateService: DownloadUpdateService()
com.shixunaoyou.wifiscanner.wifi.BootCompletedReceiver
com.shixunaoyou.wifiscanner.wifi.BootCompletedReceiver: BootCompletedReceiver()
com.shixunaoyou.wifiscanner.wifi.HotwordHandlerActivity
com.shixunaoyou.wifiscanner.wifi.HotwordHandlerActivity: HotwordHandlerActivity()
com.shixunaoyou.wifiscanner.wifi.ProgressCategory
com.shixunaoyou.wifiscanner.wifi.ProgressCategory: ProgressCategory(android.content.Context,android.util.AttributeSet)
com.shixunaoyou.wifiscanner.wifi.WiFiScanService
com.shixunaoyou.wifiscanner.wifi.WiFiScanService: WiFiScanService()
com.shixunaoyou.wifiscanner.wifi.WifiConnectActivity
com.shixunaoyou.wifiscanner.wifi.WifiConnectActivity: WifiConnectActivity()
com.shixunaoyou.wifiscanner.wifi.WifiListActivity
com.shixunaoyou.wifiscanner.wifi.WifiListActivity: WifiListActivity()
com.shixunaoyou.wifiscanner.wifichest.WifiChestActivity
com.shixunaoyou.wifiscanner.wifichest.WifiChestActivity: WifiChestActivity()
...
com.sun.mail.dsn.DeliveryStatus
com.sun.mail.dsn.DeliveryStatus: boolean debug
com.sun.mail.dsn.DeliveryStatus: javax.mail.internet.InternetHeaders messageDSN
com.sun.mail.dsn.DeliveryStatus: javax.mail.internet.InternetHeaders[] recipientDSN
com.sun.mail.dsn.DeliveryStatus: void <clinit>()
com.sun.mail.dsn.DeliveryStatus: DeliveryStatus()
com.sun.mail.dsn.DeliveryStatus: DeliveryStatus(java.io.InputStream)
com.sun.mail.dsn.DeliveryStatus: javax.mail.internet.InternetHeaders getMessageDSN()
com.sun.mail.dsn.DeliveryStatus: void setMessageDSN(javax.mail.internet.InternetHeaders)
com.sun.mail.dsn.DeliveryStatus: int getRecipientDSNCount()
com.sun.mail.dsn.DeliveryStatus: javax.mail.internet.InternetHeaders getRecipientDSN(int)
com.sun.mail.dsn.DeliveryStatus: void addRecipientDSN(javax.mail.internet.InternetHeaders)
com.sun.mail.dsn.DeliveryStatus: void writeTo(java.io.OutputStream)
com.sun.mail.dsn.DeliveryStatus: void writeInternetHeaders(javax.mail.internet.InternetHeaders,com.sun.mail.util.LineOutputStream)
com.sun.mail.dsn.DeliveryStatus: java.lang.String toString()
com.sun.mail.dsn.MessageHeaders
com.sun.mail.dsn.MessageHeaders: MessageHeaders()
com.sun.mail.dsn.MessageHeaders: MessageHeaders(java.io.InputStream)
com.sun.mail.dsn.MessageHeaders: MessageHeaders(javax.mail.internet.InternetHeaders)
com.sun.mail.dsn.MessageHeaders: int getSize()
com.sun.mail.dsn.MessageHeaders: java.io.InputStream getInputStream()
com.sun.mail.dsn.MessageHeaders: java.io.InputStream getContentStream()
com.sun.mail.dsn.MessageHeaders: void setDataHandler(javax.activation.DataHandler)
com.sun.mail.dsn.MultipartReport
com.sun.mail.dsn.MultipartReport: boolean constructed
com.sun.mail.dsn.MultipartReport: MultipartReport()
com.sun.mail.dsn.MultipartReport: MultipartReport(java.lang.String,com.sun.mail.dsn.DeliveryStatus)
com.sun.mail.dsn.MultipartReport: MultipartReport(java.lang.String,com.sun.mail.dsn.DeliveryStatus,javax.mail.internet.MimeMessage)
com.sun.mail.dsn.MultipartReport: MultipartReport(java.lang.String,com.sun.mail.dsn.DeliveryStatus,javax.mail.internet.InternetHeaders)
com.sun.mail.dsn.MultipartReport: MultipartReport(javax.activation.DataSource)
com.sun.mail.dsn.MultipartReport: java.lang.String getText()
com.sun.mail.dsn.MultipartReport: void setText(java.lang.String)
com.sun.mail.dsn.MultipartReport: javax.mail.internet.MimeBodyPart getTextBodyPart()
com.sun.mail.dsn.MultipartReport: void setTextBodyPart(javax.mail.internet.MimeBodyPart)
com.sun.mail.dsn.MultipartReport: com.sun.mail.dsn.DeliveryStatus getDeliveryStatus()
com.sun.mail.dsn.MultipartReport: void setDeliveryStatus(com.sun.mail.dsn.DeliveryStatus)
com.sun.mail.dsn.MultipartReport: javax.mail.internet.MimeMessage getReturnedMessage()
com.sun.mail.dsn.MultipartReport: void setReturnedMessage(javax.mail.internet.MimeMessage)
com.sun.mail.dsn.MultipartReport: void setBodyPart(javax.mail.BodyPart,int)
com.sun.mail.dsn.MultipartReport: void setSubType(java.lang.String)
com.sun.mail.dsn.MultipartReport: boolean removeBodyPart(javax.mail.BodyPart)
com.sun.mail.dsn.message_deliverystatus
com.sun.mail.dsn.message_deliverystatus: javax.activation.ActivationDataFlavor ourDataFlavor
com.sun.mail.dsn.message_deliverystatus: message_deliverystatus()
com.sun.mail.dsn.message_deliverystatus: myjava.awt.datatransfer.DataFlavor[] getTransferDataFlavors()
com.sun.mail.dsn.message_deliverystatus: java.lang.Object getTransferData(myjava.awt.datatransfer.DataFlavor,javax.activation.DataSource)
com.sun.mail.dsn.message_deliverystatus: java.lang.Object getContent(javax.activation.DataSource)
com.sun.mail.dsn.message_deliverystatus: void writeTo(java.lang.Object,java.lang.String,java.io.OutputStream)