proguard/mapping.txt
com.shixunaoyou.wifiscanner.AccountSettingsDialog -> com.shixunaoyou.wifiscanner.a:
    android.view.View mContentView -> b
    android.view.View mAccountInfo -> c
    android.view.View mAccountInputView -> d
    android.widget.TextView mAccountView -> e
    android.widget.EditText mNameEdit -> f
    android.widget.EditText mPasswordEdit -> g
    android.widget.CheckBox mShowPasswordCheckBox -> h
    android.widget.Button mSaveButton -> i
    android.widget.Button mCancelButton -> j
    android.widget.Button mRegisterButton -> k
    android.content.Context mContext -> l
    boolean mIsShowRegister -> m
    int mMode -> n
    void onCreate(android.os.Bundle) -> onCreate
    void afterTextChanged(android.text.Editable) -> afterTextChanged
    void beforeTextChanged(java.lang.CharSequence,int,int,int) -> beforeTextChanged
    void onTextChanged(java.lang.CharSequence,int,int,int) -> onTextChanged
    void validate() -> b
    void onCheckedChanged(android.widget.CompoundButton,boolean) -> onCheckedChanged
    void onClick(android.view.View) -> onClick
    int getDialogTitle() -> a
com.shixunaoyou.wifiscanner.BaseCustomActivity -> com.shixunaoyou.wifiscanner.b:
    void onCreate(android.os.Bundle) -> onCreate
    void onClick(android.view.View) -> onClick
    int getCustomTitleResecouse() -> a
    int getLayoutRecourse() -> b
com.shixunaoyou.wifiscanner.BaseCustomDialog -> com.shixunaoyou.wifiscanner.c:
    android.view.View mContentView -> a
    void onCreate(android.os.Bundle) -> onCreate
    int getDialogTitle() -> a
com.shixunaoyou.wifiscanner.BaseScannerActivity -> com.shixunaoyou.wifiscanner.d:
    void onBackPressed() -> onBackPressed
com.shixunaoyou.wifiscanner.ExitConfirmDialog -> com.shixunaoyou.wifiscanner.e:
    android.content.Context mContext -> b
    void onCreate(android.os.Bundle) -> onCreate
    int getDialogTitle() -> a
    void onClick(android.view.View) -> onClick
com.shixunaoyou.wifiscanner.LoadingActivity -> com.shixunaoyou.wifiscanner.LoadingActivity:
    void onCreate(android.os.Bundle) -> onCreate
    void onResume() -> onResume
    void onPause() -> onPause
com.shixunaoyou.wifiscanner.LoadingActivity$splashhandler -> com.shixunaoyou.wifiscanner.f:
    com.shixunaoyou.wifiscanner.LoadingActivity this$0 -> a
    void run() -> run
com.shixunaoyou.wifiscanner.WifiScannerMainTabActivity -> com.shixunaoyou.wifiscanner.WifiScannerMainTabActivity:
    android.widget.RadioButton mWifiRadio -> a
    android.widget.RadioButton mPersonCentreRadio -> b
    android.widget.RadioButton mChestRadio -> c
    android.widget.RadioButton mSettingsRadio -> d
    android.widget.Button mRightButton -> e
    com.shixunaoyou.wifiscanner.WifiSwitchLinearLayout mWifiSwitchLayout -> f
    android.widget.TextView mTitleView -> g
    android.widget.TabHost mHost -> h
    void onCreate(android.os.Bundle) -> onCreate
    android.widget.TabHost$TabSpec buildTabSpec(java.lang.String,int,int,android.content.Intent) -> a
    void onResume() -> onResume
    void onPause() -> onPause
    void onCheckedChanged(android.widget.CompoundButton,boolean) -> onCheckedChanged
...
javax.mail.util.SharedFileInputStream -> javax.mail.util.SharedFileInputStream:
    int defaultBufferSize -> defaultBufferSize
    java.io.RandomAccessFile in -> in
    int bufsize -> bufsize
    long bufpos -> bufpos
    long start -> start
    long datalen -> datalen
    boolean master -> master
    javax.mail.util.SharedFileInputStream$SharedFile sf -> sf
    void ensureOpen() -> ensureOpen
    void init(javax.mail.util.SharedFileInputStream$SharedFile,int) -> init
    void fill() -> fill
    int read() -> read
    int read1(byte[],int,int) -> read1
    int read(byte[],int,int) -> read
    long skip(long) -> skip
    int available() -> available
    int in_available() -> in_available
    void mark(int) -> mark
    void reset() -> reset
    boolean markSupported() -> markSupported
    void close() -> close
    long getPosition() -> getPosition
    java.io.InputStream newStream(long,long) -> newStream
    void finalize() -> finalize
javax.mail.util.SharedFileInputStream$SharedFile -> javax.mail.util.SharedFileInputStream$SharedFile:
    int cnt -> cnt
    java.io.RandomAccessFile in -> in
    java.io.RandomAccessFile open() -> open
    void close() -> close
    void forceClose() -> forceClose
    void finalize() -> finalize
myjava.awt.datatransfer.DataFlavor -> myjava.awt.datatransfer.DataFlavor:
    long serialVersionUID -> serialVersionUID
    myjava.awt.datatransfer.DataFlavor plainTextFlavor -> plainTextFlavor
    myjava.awt.datatransfer.DataFlavor stringFlavor -> stringFlavor
    myjava.awt.datatransfer.DataFlavor javaFileListFlavor -> javaFileListFlavor
    java.lang.String javaJVMLocalObjectMimeType -> javaJVMLocalObjectMimeType
    java.lang.String javaRemoteObjectMimeType -> javaRemoteObjectMimeType
    java.lang.String javaSerializedObjectMimeType -> javaSerializedObjectMimeType
    java.lang.String[] sortedTextFlavors -> sortedTextFlavors
    myjava.awt.datatransfer.DataFlavor plainUnicodeFlavor -> plainUnicodeFlavor
    java.lang.String humanPresentableName -> humanPresentableName
    java.lang.Class representationClass -> representationClass
    myjava.awt.datatransfer.MimeTypeProcessor$MimeType mimeInfo -> mimeInfo
    myjava.awt.datatransfer.DataFlavor getTextPlainUnicodeFlavor() -> getTextPlainUnicodeFlavor
    java.lang.Class tryToLoadClass(java.lang.String,java.lang.ClassLoader) -> tryToLoadClass
    boolean isCharsetSupported(java.lang.String) -> isCharsetSupported
    void init(java.lang.String,java.lang.String,java.lang.ClassLoader) -> init
    java.lang.String getCharset() -> getCharset
    boolean isCharsetRequired() -> isCharsetRequired
    boolean isCharsetRedundant() -> isCharsetRedundant
myjava.awt.datatransfer.MimeTypeProcessor -> myjava.awt.datatransfer.MimeTypeProcessor:
    myjava.awt.datatransfer.MimeTypeProcessor instance -> instance
    myjava.awt.datatransfer.MimeTypeProcessor$MimeType parse(java.lang.String) -> parse
    java.lang.String assemble(myjava.awt.datatransfer.MimeTypeProcessor$MimeType) -> assemble
    void retrieveType(java.lang.String,myjava.awt.datatransfer.MimeTypeProcessor$MimeType,myjava.awt.datatransfer.MimeTypeProcessor$StringPosition) -> retrieveType
    void retrieveParams(java.lang.String,myjava.awt.datatransfer.MimeTypeProcessor$MimeType,myjava.awt.datatransfer.MimeTypeProcessor$StringPosition) -> retrieveParams
    void retrieveParam(java.lang.String,myjava.awt.datatransfer.MimeTypeProcessor$MimeType,myjava.awt.datatransfer.MimeTypeProcessor$StringPosition) -> retrieveParam
    java.lang.String retrieveQuoted(java.lang.String,myjava.awt.datatransfer.MimeTypeProcessor$StringPosition) -> retrieveQuoted
    java.lang.String retrieveToken(java.lang.String,myjava.awt.datatransfer.MimeTypeProcessor$StringPosition) -> retrieveToken
    int getNextMeaningfulIndex(java.lang.String,int) -> getNextMeaningfulIndex
    boolean isTSpecialChar(char) -> isTSpecialChar
    boolean isMeaningfulChar(char) -> isMeaningfulChar