proguard/usage.txt
com.shixunaoyou.wifiscanner.AccountSettingsDialog:
    public static final int BUTTON_EDIT
    public static final int BUTTON_DELETE
    private static final int EDIT_MODE
    private static final int VIEW_MODE
    167:174:private void setDialogCanotDismiss(boolean)
com.shixunaoyou.wifiscanner.BuildConfig
com.shixunaoyou.wifiscanner.GatewaySettingsDialog
com.shixunaoyou.wifiscanner.R
com.shixunaoyou.wifiscanner.R$array
com.shixunaoyou.wifiscanner.R$attr
com.shixunaoyou.wifiscanner.R$color
com.shixunaoyou.wifiscanner.R$dimen
com.shixunaoyou.wifiscanner.R$drawable
com.shixunaoyou.wifiscanner.R$id
com.shixunaoyou.wifiscanner.R$layout
com.shixunaoyou.wifiscanner.R$menu
com.shixunaoyou.wifiscanner.R$string
com.shixunaoyou.wifiscanner.R$style
com.shixunaoyou.wifiscanner.R$styleable
com.shixunaoyou.wifiscanner.R$xml
com.shixunaoyou.wifiscanner.WifiEnabler
com.shixunaoyou.wifiscanner.WifiEnabler$1
com.shixunaoyou.wifiscanner.WifiScannerMainTabActivity:
    private static final java.lang.String TAB_WIFI_TAB
    private static final java.lang.String TAB_PERSON_CENTRE
    private static final java.lang.String TAB_PARTERSHIP
    private static final java.lang.String TAB_SETTINGS
com.shixunaoyou.wifiscanner.WifiSwitchLinearLayout:
    111:128:public boolean onPreferenceChange(android.preference.Preference,java.lang.Object)
com.shixunaoyou.wifiscanner.hub.LoginUtils:
    private static final java.lang.String TAG
    private static final java.lang.String CHALLENGE
    private static final java.lang.String LOGIN_FMT
    private static final java.lang.String LOGOUT_FMT
    private static final int CACHE_LEN
com.shixunaoyou.wifiscanner.legacy.PrefsHelper:
    private static final java.lang.String PREFERENCE_NAME
    private static final java.lang.String PREFS_KEY_SERVER
    private static final java.lang.String PREFS_KEY_PORT
    35:35:public java.lang.String getServer(java.lang.String)
    44:44:public int getPort(int)
com.shixunaoyou.wifiscanner.mail.GmailSender:
    private static final java.lang.String TAG
com.shixunaoyou.wifiscanner.mail.GmailSender$ByteArrayDataSource:
    85:88:public GmailSender$ByteArrayDataSource(com.shixunaoyou.wifiscanner.mail.GmailSender,byte[])
    91:92:public void setType(java.lang.String)
com.shixunaoyou.wifiscanner.more.AboutProductActivity$AboutItem:
    1:1:public static com.shixunaoyou.wifiscanner.more.AboutProductActivity$AboutItem valueOf(java.lang.String)
com.shixunaoyou.wifiscanner.more.FeedbackActivity:
    private static final java.lang.String TAG
    private static final java.lang.String MAIL_USER_NAME
    private static final java.lang.String MAIL_PASSWORD
    private static final java.lang.String RECEPIENT
    private static final int SEND_SUCCESSFUL
    private static final int SEND_FAILURE
com.shixunaoyou.wifiscanner.more.MoreActivity$MoreItemEnum:
    1:1:public static com.shixunaoyou.wifiscanner.more.MoreActivity$MoreItemEnum valueOf(java.lang.String)
com.shixunaoyou.wifiscanner.more.ProductInfoWebViewActivity:
    private static final java.lang.String INFO_PAGE
com.shixunaoyou.wifiscanner.more.QuestionWebViewActivity:
    private static final java.lang.String QUESTIONS_PAGE
com.shixunaoyou.wifiscanner.more.SettingsWebViewActivity:
    protected abstract int getCustomTitleResecouse()
com.shixunaoyou.wifiscanner.personcentre.RegisterActivity:
    private static final int TOKEN_REQUEST_SUCCESS
    private static final int TOKEN_REQUEST_FAILED
    private static final int REGISTER_SUCCESS
    private static final int REGISTER_FAILED
com.shixunaoyou.wifiscanner.update.CheckUpdateAsyncTask:
    private static final java.lang.String TAG
com.shixunaoyou.wifiscanner.update.CheckUpdateAsyncTask$CheckCompletedListener:
    public abstract void onCheckCompleted(org.json.JSONObject)
...
com.sun.activation.registries.LineTokenizer:
    private static final java.lang.String singles
    330:331:public void pushToken(java.lang.String)
com.sun.activation.registries.LogSupport:
    66:68:private LogSupport()
com.sun.activation.registries.MailcapTokenizer:
    public static final int UNKNOWN_TOKEN
    public static final int START_TOKEN
    public static final int STRING_TOKEN
    public static final int EOI_TOKEN
    public static final int SLASH_TOKEN
    public static final int SEMICOLON_TOKEN
    public static final int EQUALS_TOKEN
    94:94:public int getCurrentToken()
com.sun.activation.registries.MimeTypeEntry:
    59:59:public java.lang.String getFileExtension()
com.sun.mail.iap.AString
com.sun.mail.iap.Argument
com.sun.mail.iap.Atom
com.sun.mail.iap.BadCommandException
com.sun.mail.iap.ByteArray
com.sun.mail.iap.CommandFailedException
com.sun.mail.iap.ConnectionException
com.sun.mail.iap.Literal
com.sun.mail.iap.LiteralException
com.sun.mail.iap.ParsingException
com.sun.mail.iap.Protocol
com.sun.mail.iap.ProtocolException
com.sun.mail.iap.Response
com.sun.mail.iap.ResponseHandler
com.sun.mail.iap.ResponseInputStream
com.sun.mail.imap.ACL
com.sun.mail.imap.AppendUID
com.sun.mail.imap.DefaultFolder
com.sun.mail.imap.DefaultFolder$1
com.sun.mail.imap.DefaultFolder$2
com.sun.mail.imap.IMAPBodyPart
com.sun.mail.imap.IMAPFolder
com.sun.mail.imap.IMAPFolder$1
com.sun.mail.imap.IMAPFolder$10
com.sun.mail.imap.IMAPFolder$11
com.sun.mail.imap.IMAPFolder$12
com.sun.mail.imap.IMAPFolder$13
com.sun.mail.imap.IMAPFolder$14
com.sun.mail.imap.IMAPFolder$15
com.sun.mail.imap.IMAPFolder$16
com.sun.mail.imap.IMAPFolder$17
com.sun.mail.imap.IMAPFolder$18
com.sun.mail.imap.IMAPFolder$19
com.sun.mail.imap.IMAPFolder$2
com.sun.mail.imap.IMAPFolder$3
com.sun.mail.imap.IMAPFolder$4
com.sun.mail.imap.IMAPFolder$5
com.sun.mail.imap.IMAPFolder$6
com.sun.mail.imap.IMAPFolder$7
com.sun.mail.imap.IMAPFolder$8
com.sun.mail.imap.IMAPFolder$9
com.sun.mail.imap.IMAPFolder$FetchProfileItem
com.sun.mail.imap.IMAPFolder$ProtocolCommand
com.sun.mail.imap.IMAPInputStream
com.sun.mail.imap.IMAPMessage
com.sun.mail.imap.IMAPMessage$1FetchProfileCondition
com.sun.mail.imap.IMAPMultipartDataSource
com.sun.mail.imap.IMAPNestedMessage
com.sun.mail.imap.IMAPSSLStore
com.sun.mail.imap.IMAPStore
com.sun.mail.imap.IMAPStore$ConnectionPool
com.sun.mail.imap.LengthCounter
com.sun.mail.imap.MessageLiteral
com.sun.mail.imap.Rights
com.sun.mail.imap.Rights$Right
com.sun.mail.imap.Utility
com.sun.mail.imap.Utility$Condition
com.sun.mail.imap.protocol.BASE64MailboxDecoder
com.sun.mail.imap.protocol.BASE64MailboxEncoder
com.sun.mail.imap.protocol.BODY
com.sun.mail.imap.protocol.BODYSTRUCTURE
com.sun.mail.imap.protocol.ENVELOPE
com.sun.mail.imap.protocol.FLAGS
com.sun.mail.imap.protocol.FetchResponse
com.sun.mail.imap.protocol.IMAPAddress
com.sun.mail.imap.protocol.IMAPProtocol
com.sun.mail.imap.protocol.IMAPResponse
com.sun.mail.imap.protocol.IMAPSaslAuthenticator
com.sun.mail.imap.protocol.IMAPSaslAuthenticator$1
com.sun.mail.imap.protocol.INTERNALDATE
com.sun.mail.imap.protocol.Item
com.sun.mail.imap.protocol.ListInfo
com.sun.mail.imap.protocol.MailboxInfo
com.sun.mail.imap.protocol.MessageSet
com.sun.mail.imap.protocol.Namespaces
com.sun.mail.imap.protocol.Namespaces$Namespace
com.sun.mail.imap.protocol.RFC822DATA
com.sun.mail.imap.protocol.RFC822SIZE
com.sun.mail.imap.protocol.SaslAuthenticator
com.sun.mail.imap.protocol.SearchSequence
com.sun.mail.imap.protocol.Status
com.sun.mail.imap.protocol.UID
com.sun.mail.imap.protocol.UIDSet
com.sun.mail.pop3.DefaultFolder
com.sun.mail.pop3.POP3Folder
com.sun.mail.pop3.POP3Message
com.sun.mail.pop3.POP3SSLStore
com.sun.mail.pop3.POP3Store
com.sun.mail.pop3.Protocol
com.sun.mail.pop3.Response
com.sun.mail.pop3.SharedByteArrayOutputStream
com.sun.mail.pop3.Status
com.umeng.analytics.Gender